/*C3*/SET SCHEMA PUBLIC
CONNECT USER ADMIN
SET AUTOCOMMIT FALSE
/*C4*/SET SCHEMA PUBLIC
CONNECT USER ADMIN
SET AUTOCOMMIT FALSE
/*C3*/DELETE FROM ARTIKEL WHERE ID=28
INSERT INTO ARTIKEL VALUES(28,'Oho!','Interessante Gedankenexperimente','','1234-01-01',FALSE,'Wissenschaft','Bratislava',56)
COMMIT
DELETE FROM ARTIKEL WHERE ID=32
INSERT INTO ARTIKEL VALUES(32,'Mathematischer Atlas','Die neuesten Methoden der Mathematik','','1888-12-01',TRUE,'Mathematik','Florenz',57)
COMMIT
DELETE FROM ARTIKEL WHERE ID=32
INSERT INTO ARTIKEL VALUES(32,'Mathematischer Atlas','Die neuesten Methoden der Mathematik','','1889-12-01',TRUE,'Mathematik','Florenz',57)
COMMIT
DELETE FROM ARTIKEL WHERE ID=34
INSERT INTO ARTIKEL VALUES(34,'Gastronomischer Gasthauser','Die beste K\u00fcche','','1970-01-01',FALSE,'Essen','Paris',61)
COMMIT
DELETE FROM ARTIKEL WHERE ID=34
INSERT INTO ARTIKEL VALUES(34,'Gastronomischer Gasthauser','Die beste K\u00fcche','','1970-01-01',FALSE,'Essen','Paris',61)
COMMIT
